C:\HELBREATH DEVELOPMENT\HGSERVER\DEBUG\BUILDITEM.OBJ
C:\HELBREATH DEVELOPMENT\HGSERVER\DEBUG\BUILDITEM.SBR
C:\Helbreath development\HGserver\Debug\cl.command.1.tlog
C:\Helbreath development\HGserver\Debug\CL.read.1.tlog
C:\Helbreath development\HGserver\Debug\CL.write.1.tlog
C:\HELBREATH DEVELOPMENT\HGSERVER\DEBUG\CLIENT.OBJ
C:\HELBREATH DEVELOPMENT\HGSERVER\DEBUG\CLIENT.SBR
C:\HELBREATH DEVELOPMENT\HGSERVER\DEBUG\DELAYEVENT.OBJ
C:\HELBREATH DEVELOPMENT\HGSERVER\DEBUG\DELAYEVENT.SBR
C:\HELBREATH DEVELOPMENT\HGSERVER\DEBUG\DYNAMICOBJECT.OBJ
C:\HELBREATH DEVELOPMENT\HGSERVER\DEBUG\DYNAMICOBJECT.SBR
C:\HELBREATH DEVELOPMENT\HGSERVER\DEBUG\FISH.OBJ
C:\HELBREATH DEVELOPMENT\HGSERVER\DEBUG\FISH.SBR
C:\HELBREATH DEVELOPMENT\HGSERVER\DEBUG\GAME.SBR
C:\HELBREATH DEVELOPMENT\HGSERVER\DEBUG\GUILDSMAN.OBJ
C:\HELBREATH DEVELOPMENT\HGSERVER\DEBUG\GUILDSMAN.SBR
C:\Helbreath development\HGserver\Debug\HGserver.vcxprojResolveAssemblyReference.cache
C:\Helbreath development\HGserver\Debug\HGserver.write.1.tlog
C:\HELBREATH DEVELOPMENT\HGSERVER\DEBUG\ITEM.OBJ
C:\HELBREATH DEVELOPMENT\HGSERVER\DEBUG\ITEM.SBR
C:\HELBREATH DEVELOPMENT\HGSERVER\DEBUG\MAGIC.OBJ
C:\HELBREATH DEVELOPMENT\HGSERVER\DEBUG\MAGIC.SBR
C:\HELBREATH DEVELOPMENT\HGSERVER\DEBUG\MAP.OBJ
C:\HELBREATH DEVELOPMENT\HGSERVER\DEBUG\MAP.SBR
C:\HELBREATH DEVELOPMENT\HGSERVER\DEBUG\MINERAL.OBJ
C:\HELBREATH DEVELOPMENT\HGSERVER\DEBUG\MINERAL.SBR
C:\HELBREATH DEVELOPMENT\HGSERVER\DEBUG\MISC.OBJ
C:\HELBREATH DEVELOPMENT\HGSERVER\DEBUG\MISC.SBR
C:\HELBREATH DEVELOPMENT\HGSERVER\DEBUG\MSG.OBJ
C:\HELBREATH DEVELOPMENT\HGSERVER\DEBUG\MSG.SBR
C:\HELBREATH DEVELOPMENT\HGSERVER\DEBUG\NPC.OBJ
C:\HELBREATH DEVELOPMENT\HGSERVER\DEBUG\NPC.SBR
C:\HELBREATH DEVELOPMENT\HGSERVER\DEBUG\OCCUPYFLAG.OBJ
C:\HELBREATH DEVELOPMENT\HGSERVER\DEBUG\OCCUPYFLAG.SBR
C:\HELBREATH DEVELOPMENT\HGSERVER\DEBUG\POTION.OBJ
C:\HELBREATH DEVELOPMENT\HGSERVER\DEBUG\POTION.SBR
C:\HELBREATH DEVELOPMENT\HGSERVER\DEBUG\QUEST.OBJ
C:\HELBREATH DEVELOPMENT\HGSERVER\DEBUG\QUEST.SBR
C:\HELBREATH DEVELOPMENT\HGSERVER\DEBUG\SKILL.OBJ
C:\HELBREATH DEVELOPMENT\HGSERVER\DEBUG\SKILL.SBR
C:\HELBREATH DEVELOPMENT\HGSERVER\DEBUG\STRATEGICPOINT.OBJ
C:\HELBREATH DEVELOPMENT\HGSERVER\DEBUG\STRATEGICPOINT.SBR
C:\HELBREATH DEVELOPMENT\HGSERVER\DEBUG\TELEPORT.OBJ
C:\HELBREATH DEVELOPMENT\HGSERVER\DEBUG\TELEPORT.SBR
C:\HELBREATH DEVELOPMENT\HGSERVER\DEBUG\TELEPORTLOC.OBJ
C:\HELBREATH DEVELOPMENT\HGSERVER\DEBUG\TELEPORTLOC.SBR
C:\HELBREATH DEVELOPMENT\HGSERVER\DEBUG\TILE.OBJ
C:\HELBREATH DEVELOPMENT\HGSERVER\DEBUG\TILE.SBR
C:\Helbreath development\HGserver\Debug\vc100.idb
C:\HELBREATH DEVELOPMENT\HGSERVER\DEBUG\VC100.PDB
C:\HELBREATH DEVELOPMENT\HGSERVER\DEBUG\WMAIN.OBJ
C:\HELBREATH DEVELOPMENT\HGSERVER\DEBUG\WMAIN.SBR
